2023/08/22 14:57:13 [notice] 1#1: using the "epoll" event method
2023/08/22 14:57:13 [notice] 1#1: nginx/1.21.6
2023/08/22 14:57:13 [notice] 1#1: built by gcc 10.2.1 20210110 (Debian 10.2.1-6) 
2023/08/22 14:57:13 [notice] 1#1: OS: Linux 5.15.0-76-generic
2023/08/22 14:57:13 [notice] 1#1: getrlimit(RLIMIT_NOFILE): 1048576:1048576
2023/08/22 14:57:13 [notice] 1#1: start worker processes
2023/08/22 14:57:13 [notice] 1#1: start worker process 22
2023/08/22 14:57:13 [notice] 1#1: start worker process 23
2023/08/22 14:57:13 [notice] 1#1: start worker process 24
2023/08/22 14:57:13 [notice] 1#1: start worker process 25
2023/08/22 14:57:13 [notice] 1#1: start worker process 26
2023/08/22 14:57:13 [notice] 1#1: start worker process 27
2023/08/22 14:57:13 [notice] 1#1: start worker process 28
2023/08/22 14:57:13 [notice] 1#1: start worker process 29
2023/08/22 14:57:13 [notice] 1#1: start worker process 30
2023/08/22 14:57:13 [notice] 1#1: start worker process 31
2023/08/22 14:57:13 [notice] 1#1: start worker process 32
2023/08/22 14:57:13 [notice] 1#1: start worker process 33
2023/08/22 14:57:13 [notice] 1#1: start worker process 34
2023/08/22 14:57:13 [notice] 1#1: start worker process 35
2023/08/22 14:57:13 [notice] 1#1: start worker process 36
2023/08/22 14:57:13 [notice] 1#1: start worker process 37
2023/08/22 14:57:13 [notice] 1#1: start worker process 38
2023/08/22 14:57:13 [notice] 1#1: start worker process 39
2023/08/22 14:57:13 [notice] 1#1: start worker process 40
2023/08/22 14:57:13 [notice] 1#1: start worker process 41
2023/08/22 14:57:13 [notice] 1#1: start worker process 42
2023/08/22 14:57:13 [notice] 1#1: start worker process 43
2023/08/22 14:57:13 [notice] 1#1: start worker process 44
2023/08/22 14:57:13 [notice] 1#1: start worker process 45
2023/08/22 14:57:13 [notice] 1#1: start worker process 46
2023/08/22 14:57:13 [notice] 1#1: start worker process 47
2023/08/22 14:57:13 [notice] 1#1: start worker process 48
2023/08/22 14:57:13 [notice] 1#1: start worker process 49
2023/08/22 14:57:13 [notice] 1#1: start worker process 50
2023/08/22 14:57:13 [notice] 1#1: start worker process 51
2023/08/22 14:57:13 [notice] 1#1: start worker process 52
2023/08/22 14:57:13 [notice] 1#1: start worker process 53
2023/08/22 14:57:13 [notice] 1#1: start worker process 54
2023/08/22 14:57:13 [notice] 1#1: start worker process 55
2023/08/22 14:57:13 [notice] 1#1: start worker process 56
2023/08/22 14:57:13 [notice] 1#1: start worker process 57
2023/08/22 14:57:57 [warn] 23#23: *5 an upstream response is buffered to a temporary file /var/cache/nginx/proxy_temp/1/00/0000000001 while reading upstream, client: 172.17.0.1, server: broscloud.dynv6.com, request: "GET /static/media/background_video.8c3d69ab12b85d9db923.mp4 HTTP/1.1", upstream: "http://192.168.0.109:3000/static/media/background_video.8c3d69ab12b85d9db923.mp4", host: "localhost:59911", referrer: "http://localhost:59911/"
2023/08/22 15:49:44 [notice] 1#1: signal 3 (SIGQUIT) received, shutting down
2023/08/22 15:49:44 [notice] 28#28: gracefully shutting down
2023/08/22 15:49:44 [notice] 24#24: gracefully shutting down
2023/08/22 15:49:44 [notice] 26#26: gracefully shutting down
2023/08/22 15:49:44 [notice] 29#29: gracefully shutting down
2023/08/22 15:49:44 [notice] 30#30: gracefully shutting down
2023/08/22 15:49:44 [notice] 28#28: exiting
2023/08/22 15:49:44 [notice] 29#29: exiting
2023/08/22 15:49:44 [notice] 26#26: exiting
2023/08/22 15:49:44 [notice] 24#24: exiting
2023/08/22 15:49:44 [notice] 30#30: exiting
2023/08/22 15:49:44 [notice] 36#36: gracefully shutting down
2023/08/22 15:49:44 [notice] 33#33: gracefully shutting down
2023/08/22 15:49:44 [notice] 38#38: gracefully shutting down
2023/08/22 15:49:44 [notice] 43#43: gracefully shutting down
2023/08/22 15:49:44 [notice] 33#33: exiting
2023/08/22 15:49:44 [notice] 30#30: exit
2023/08/22 15:49:44 [notice] 29#29: exit
2023/08/22 15:49:44 [notice] 26#26: exit
2023/08/22 15:49:44 [notice] 24#24: exit
2023/08/22 15:49:44 [notice] 36#36: exiting
2023/08/22 15:49:44 [notice] 38#38: exiting
2023/08/22 15:49:44 [notice] 52#52: gracefully shutting down
2023/08/22 15:49:44 [notice] 43#43: exiting
2023/08/22 15:49:44 [notice] 33#33: exit
2023/08/22 15:49:44 [notice] 31#31: gracefully shutting down
2023/08/22 15:49:44 [notice] 52#52: exiting
2023/08/22 15:49:44 [notice] 28#28: exit
2023/08/22 15:49:44 [notice] 38#38: exit
2023/08/22 15:49:44 [notice] 36#36: exit
2023/08/22 15:49:44 [notice] 43#43: exit
2023/08/22 15:49:44 [notice] 31#31: exiting
2023/08/22 15:49:44 [notice] 52#52: exit
2023/08/22 15:49:44 [notice] 31#31: exit
2023/08/22 15:49:44 [notice] 53#53: gracefully shutting down
2023/08/22 15:49:44 [notice] 57#57: gracefully shutting down
2023/08/22 15:49:44 [notice] 25#25: gracefully shutting down
2023/08/22 15:49:44 [notice] 53#53: exiting
2023/08/22 15:49:44 [notice] 46#46: gracefully shutting down
2023/08/22 15:49:44 [notice] 42#42: gracefully shutting down
2023/08/22 15:49:44 [notice] 27#27: gracefully shutting down
2023/08/22 15:49:44 [notice] 46#46: exiting
2023/08/22 15:49:44 [notice] 57#57: exiting
2023/08/22 15:49:44 [notice] 42#42: exiting
2023/08/22 15:49:44 [notice] 53#53: exit
2023/08/22 15:49:44 [notice] 44#44: gracefully shutting down
2023/08/22 15:49:44 [notice] 25#25: exiting
2023/08/22 15:49:44 [notice] 54#54: gracefully shutting down
2023/08/22 15:49:44 [notice] 47#47: gracefully shutting down
2023/08/22 15:49:44 [notice] 46#46: exit
2023/08/22 15:49:44 [notice] 27#27: exiting
2023/08/22 15:49:44 [notice] 57#57: exit
2023/08/22 15:49:44 [notice] 54#54: exiting
2023/08/22 15:49:44 [notice] 47#47: exiting
2023/08/22 15:49:44 [notice] 42#42: exit
2023/08/22 15:49:44 [notice] 44#44: exiting
2023/08/22 15:49:44 [notice] 25#25: exit
2023/08/22 15:49:44 [notice] 27#27: exit
2023/08/22 15:49:44 [notice] 54#54: exit
2023/08/22 15:49:44 [notice] 47#47: exit
2023/08/22 15:49:44 [notice] 44#44: exit
2023/08/22 15:49:44 [notice] 45#45: gracefully shutting down
2023/08/22 15:49:44 [notice] 45#45: exiting
2023/08/22 15:49:44 [notice] 45#45: exit
2023/08/22 15:49:44 [notice] 40#40: gracefully shutting down
2023/08/22 15:49:44 [notice] 40#40: exiting
2023/08/22 15:49:44 [notice] 56#56: gracefully shutting down
2023/08/22 15:49:44 [notice] 49#49: gracefully shutting down
2023/08/22 15:49:44 [notice] 48#48: gracefully shutting down
2023/08/22 15:49:44 [notice] 49#49: exiting
2023/08/22 15:49:44 [notice] 56#56: exiting
2023/08/22 15:49:44 [notice] 40#40: exit
2023/08/22 15:49:44 [notice] 48#48: exiting
2023/08/22 15:49:44 [notice] 32#32: gracefully shutting down
2023/08/22 15:49:44 [notice] 49#49: exit
2023/08/22 15:49:44 [notice] 48#48: exit
2023/08/22 15:49:44 [notice] 56#56: exit
2023/08/22 15:49:44 [notice] 32#32: exiting
2023/08/22 15:49:44 [notice] 32#32: exit
2023/08/22 15:49:44 [notice] 51#51: gracefully shutting down
2023/08/22 15:49:44 [notice] 51#51: exiting
2023/08/22 15:49:44 [notice] 51#51: exit
2023/08/22 15:49:44 [notice] 35#35: gracefully shutting down
2023/08/22 15:49:44 [notice] 37#37: gracefully shutting down
2023/08/22 15:49:44 [notice] 35#35: exiting
2023/08/22 15:49:44 [notice] 37#37: exiting
2023/08/22 15:49:44 [notice] 35#35: exit
2023/08/22 15:49:44 [notice] 37#37: exit
2023/08/22 15:49:44 [notice] 50#50: gracefully shutting down
2023/08/22 15:49:44 [notice] 50#50: exiting
2023/08/22 15:49:44 [notice] 50#50: exit
2023/08/22 15:49:44 [notice] 39#39: gracefully shutting down
2023/08/22 15:49:44 [notice] 39#39: exiting
2023/08/22 15:49:44 [notice] 34#34: gracefully shutting down
2023/08/22 15:49:44 [notice] 39#39: exit
2023/08/22 15:49:44 [notice] 34#34: exiting
2023/08/22 15:49:44 [notice] 34#34: exit
2023/08/22 15:49:44 [notice] 41#41: gracefully shutting down
2023/08/22 15:49:44 [notice] 41#41: exiting
2023/08/22 15:49:44 [notice] 41#41: exit
2023/08/22 15:49:44 [notice] 55#55: gracefully shutting down
2023/08/22 15:49:44 [notice] 55#55: exiting
2023/08/22 15:49:44 [notice] 55#55: exit
2023/08/22 15:49:44 [notice] 22#22: gracefully shutting down
2023/08/22 15:49:44 [notice] 22#22: exiting
2023/08/22 15:49:44 [notice] 22#22: exit
2023/08/22 15:49:44 [notice] 23#23: gracefully shutting down
2023/08/22 15:49:44 [notice] 23#23: exiting
2023/08/22 15:49:44 [notice] 23#23: exit
2023/08/22 15:49:44 [notice] 1#1: signal 17 (SIGCHLD) received from 32
2023/08/22 15:49:44 [notice] 1#1: worker process 32 exited with code 0
2023/08/22 15:49:44 [notice] 1#1: worker process 27 exited with code 0
2023/08/22 15:49:44 [notice] 1#1: worker process 28 exited with code 0
2023/08/22 15:49:44 [notice] 1#1: worker process 35 exited with code 0
2023/08/22 15:49:44 [notice] 1#1: worker process 36 exited with code 0
2023/08/22 15:49:44 [notice] 1#1: worker process 52 exited with code 0
2023/08/22 15:49:44 [notice] 1#1: worker process 53 exited with code 0
2023/08/22 15:49:44 [notice] 1#1: signal 29 (SIGIO) received
2023/08/22 15:49:44 [notice] 1#1: signal 17 (SIGCHLD) received from 35
2023/08/22 15:49:44 [notice] 1#1: worker process 39 exited with code 0
2023/08/22 15:49:44 [notice] 1#1: worker process 41 exited with code 0
2023/08/22 15:49:44 [notice] 1#1: worker process 54 exited with code 0
2023/08/22 15:49:44 [notice] 1#1: worker process 56 exited with code 0
2023/08/22 15:49:44 [notice] 1#1: signal 29 (SIGIO) received
2023/08/22 15:49:44 [notice] 1#1: signal 17 (SIGCHLD) received from 30
2023/08/22 15:49:44 [notice] 1#1: worker process 30 exited with code 0
2023/08/22 15:49:44 [notice] 1#1: signal 29 (SIGIO) received
2023/08/22 15:49:44 [notice] 1#1: signal 17 (SIGCHLD) received from 26
2023/08/22 15:49:44 [notice] 1#1: worker process 26 exited with code 0
2023/08/22 15:49:44 [notice] 1#1: worker process 31 exited with code 0
2023/08/22 15:49:44 [notice] 1#1: signal 29 (SIGIO) received
2023/08/22 15:49:44 [notice] 1#1: signal 17 (SIGCHLD) received from 25
2023/08/22 15:49:44 [notice] 1#1: worker process 25 exited with code 0
2023/08/22 15:49:44 [notice] 1#1: signal 29 (SIGIO) received
2023/08/22 15:49:44 [notice] 1#1: signal 17 (SIGCHLD) received from 48
2023/08/22 15:49:44 [notice] 1#1: worker process 47 exited with code 0
2023/08/22 15:49:44 [notice] 1#1: worker process 48 exited with code 0
2023/08/22 15:49:44 [notice] 1#1: signal 29 (SIGIO) received
2023/08/22 15:49:44 [notice] 1#1: signal 17 (SIGCHLD) received from 24
2023/08/22 15:49:44 [notice] 1#1: worker process 24 exited with code 0
2023/08/22 15:49:44 [notice] 1#1: worker process 57 exited with code 0
2023/08/22 15:49:44 [notice] 1#1: worker process 50 exited with code 0
2023/08/22 15:49:44 [notice] 1#1: worker process 51 exited with code 0
2023/08/22 15:49:44 [notice] 1#1: worker process 38 exited with code 0
2023/08/22 15:49:44 [notice] 1#1: worker process 46 exited with code 0
2023/08/22 15:49:44 [notice] 1#1: signal 29 (SIGIO) received
2023/08/22 15:49:44 [notice] 1#1: signal 17 (SIGCHLD) received from 57
2023/08/22 15:49:44 [notice] 1#1: worker process 29 exited with code 0
2023/08/22 15:49:44 [notice] 1#1: worker process 33 exited with code 0
2023/08/22 15:49:44 [notice] 1#1: worker process 45 exited with code 0
2023/08/22 15:49:44 [notice] 1#1: signal 29 (SIGIO) received
2023/08/22 15:49:44 [notice] 1#1: signal 17 (SIGCHLD) received from 40
2023/08/22 15:49:44 [notice] 1#1: worker process 40 exited with code 0
2023/08/22 15:49:44 [notice] 1#1: signal 29 (SIGIO) received
2023/08/22 15:49:44 [notice] 1#1: signal 17 (SIGCHLD) received from 37
2023/08/22 15:49:44 [notice] 1#1: worker process 34 exited with code 0
2023/08/22 15:49:44 [notice] 1#1: worker process 37 exited with code 0
2023/08/22 15:49:44 [notice] 1#1: signal 29 (SIGIO) received
2023/08/22 15:49:44 [notice] 1#1: signal 17 (SIGCHLD) received from 44
2023/08/22 15:49:44 [notice] 1#1: worker process 44 exited with code 0
2023/08/22 15:49:44 [notice] 1#1: signal 29 (SIGIO) received
2023/08/22 15:49:44 [notice] 1#1: signal 17 (SIGCHLD) received from 55
2023/08/22 15:49:44 [notice] 1#1: worker process 22 exited with code 0
2023/08/22 15:49:44 [notice] 1#1: worker process 23 exited with code 0
2023/08/22 15:49:44 [notice] 1#1: worker process 55 exited with code 0
2023/08/22 15:49:44 [notice] 1#1: signal 29 (SIGIO) received
2023/08/22 15:49:44 [notice] 1#1: signal 17 (SIGCHLD) received from 43
2023/08/22 15:49:44 [notice] 1#1: worker process 43 exited with code 0
2023/08/22 15:49:44 [notice] 1#1: signal 29 (SIGIO) received
2023/08/22 15:49:44 [notice] 1#1: signal 17 (SIGCHLD) received from 49
2023/08/22 15:49:44 [notice] 1#1: worker process 49 exited with code 0
2023/08/22 15:49:44 [notice] 1#1: signal 17 (SIGCHLD) received from 42
2023/08/22 15:49:44 [notice] 1#1: worker process 42 exited with code 0
2023/08/22 15:49:44 [notice] 1#1: exit
2023/08/22 15:50:02 [notice] 1#1: using the "epoll" event method
2023/08/22 15:50:02 [notice] 1#1: nginx/1.21.6
2023/08/22 15:50:02 [notice] 1#1: built by gcc 10.2.1 20210110 (Debian 10.2.1-6) 
2023/08/22 15:50:02 [notice] 1#1: OS: Linux 5.15.0-79-generic
2023/08/22 15:50:02 [notice] 1#1: getrlimit(RLIMIT_NOFILE): 1048576:1048576
2023/08/22 15:50:02 [notice] 1#1: start worker processes
2023/08/22 15:50:02 [notice] 1#1: start worker process 22
2023/08/22 15:50:02 [notice] 1#1: start worker process 23
2023/08/22 15:50:02 [notice] 1#1: start worker process 24
2023/08/22 15:50:02 [notice] 1#1: start worker process 25
2023/08/22 15:50:02 [notice] 1#1: start worker process 26
2023/08/22 15:50:02 [notice] 1#1: start worker process 27
2023/08/22 15:50:02 [notice] 1#1: start worker process 28
2023/08/22 15:50:02 [notice] 1#1: start worker process 29
2023/08/22 15:50:02 [notice] 1#1: start worker process 30
2023/08/22 15:50:02 [notice] 1#1: start worker process 31
2023/08/22 15:50:02 [notice] 1#1: start worker process 32
2023/08/22 15:50:02 [notice] 1#1: start worker process 33
2023/08/22 15:50:02 [notice] 1#1: start worker process 34
2023/08/22 15:50:02 [notice] 1#1: start worker process 35
2023/08/22 15:50:02 [notice] 1#1: start worker process 36
2023/08/22 15:50:02 [notice] 1#1: start worker process 37
2023/08/22 15:50:02 [notice] 1#1: start worker process 38
2023/08/22 15:50:02 [notice] 1#1: start worker process 39
2023/08/22 15:50:02 [notice] 1#1: start worker process 40
2023/08/22 15:50:02 [notice] 1#1: start worker process 41
2023/08/22 15:50:02 [notice] 1#1: start worker process 42
2023/08/22 15:50:02 [notice] 1#1: start worker process 43
2023/08/22 15:50:02 [notice] 1#1: start worker process 44
2023/08/22 15:50:02 [notice] 1#1: start worker process 45
2023/08/22 15:50:02 [notice] 1#1: start worker process 46
2023/08/22 15:50:02 [notice] 1#1: start worker process 47
2023/08/22 15:50:02 [notice] 1#1: start worker process 48
2023/08/22 15:50:02 [notice] 1#1: start worker process 49
2023/08/22 15:50:02 [notice] 1#1: start worker process 50
2023/08/22 15:50:02 [notice] 1#1: start worker process 51
2023/08/22 15:50:02 [notice] 1#1: start worker process 52
2023/08/22 15:50:02 [notice] 1#1: start worker process 53
2023/08/22 15:50:02 [notice] 1#1: start worker process 54
2023/08/22 15:50:02 [notice] 1#1: start worker process 55
2023/08/22 15:50:02 [notice] 1#1: start worker process 56
2023/08/22 15:50:02 [notice] 1#1: start worker process 57
2023/08/22 16:01:45 [warn] 24#24: *7 an upstream response is buffered to a temporary file /var/cache/nginx/proxy_temp/1/00/0000000001 while reading upstream, client: 172.17.0.1, server: kb109.dynv6.com, request: "GET /static/media/background_video.8c3d69ab12b85d9db923.mp4 HTTP/1.1", upstream: "http://192.168.0.109:3000/static/media/background_video.8c3d69ab12b85d9db923.mp4", host: "localhost:59911", referrer: "http://localhost:59911/"
2023/08/23 11:14:31 [notice] 1#1: signal 3 (SIGQUIT) received, shutting down
2023/08/23 11:14:31 [notice] 22#22: gracefully shutting down
2023/08/23 11:14:31 [notice] 27#27: gracefully shutting down
2023/08/23 11:14:31 [notice] 22#22: exiting
2023/08/23 11:14:31 [notice] 27#27: exiting
2023/08/23 11:14:31 [notice] 22#22: exit
2023/08/23 11:14:31 [notice] 27#27: exit
2023/08/23 11:14:31 [notice] 25#25: gracefully shutting down
2023/08/23 11:14:31 [notice] 25#25: exiting
2023/08/23 11:14:31 [notice] 25#25: exit
2023/08/23 11:14:31 [notice] 26#26: gracefully shutting down
2023/08/23 11:14:31 [notice] 26#26: exiting
2023/08/23 11:14:31 [notice] 23#23: gracefully shutting down
2023/08/23 11:14:31 [notice] 26#26: exit
2023/08/23 11:14:31 [notice] 23#23: exiting
2023/08/23 11:14:31 [notice] 23#23: exit
2023/08/23 11:14:31 [notice] 29#29: gracefully shutting down
2023/08/23 11:14:31 [notice] 31#31: gracefully shutting down
2023/08/23 11:14:31 [notice] 32#32: gracefully shutting down
2023/08/23 11:14:31 [notice] 24#24: gracefully shutting down
2023/08/23 11:14:31 [notice] 29#29: exiting
2023/08/23 11:14:31 [notice] 29#29: exit
2023/08/23 11:14:31 [notice] 31#31: exiting
2023/08/23 11:14:31 [notice] 24#24: exiting
2023/08/23 11:14:31 [notice] 32#32: exiting
2023/08/23 11:14:31 [notice] 24#24: exit
2023/08/23 11:14:31 [notice] 31#31: exit
2023/08/23 11:14:31 [notice] 32#32: exit
2023/08/23 11:14:31 [notice] 30#30: gracefully shutting down
2023/08/23 11:14:31 [notice] 30#30: exiting
2023/08/23 11:14:31 [notice] 30#30: exit
2023/08/23 11:14:31 [notice] 28#28: gracefully shutting down
2023/08/23 11:14:31 [notice] 28#28: exiting
2023/08/23 11:14:31 [notice] 28#28: exit
2023/08/23 11:14:31 [notice] 34#34: gracefully shutting down
2023/08/23 11:14:31 [notice] 34#34: exiting
2023/08/23 11:14:31 [notice] 34#34: exit
2023/08/23 11:14:31 [notice] 33#33: gracefully shutting down
2023/08/23 11:14:31 [notice] 33#33: exiting
2023/08/23 11:14:31 [notice] 33#33: exit
2023/08/23 11:14:31 [notice] 35#35: gracefully shutting down
2023/08/23 11:14:31 [notice] 35#35: exiting
2023/08/23 11:14:31 [notice] 38#38: gracefully shutting down
2023/08/23 11:14:31 [notice] 36#36: gracefully shutting down
2023/08/23 11:14:31 [notice] 37#37: gracefully shutting down
2023/08/23 11:14:31 [notice] 41#41: gracefully shutting down
2023/08/23 11:14:31 [notice] 43#43: gracefully shutting down
2023/08/23 11:14:31 [notice] 45#45: gracefully shutting down
2023/08/23 11:14:31 [notice] 38#38: exiting
2023/08/23 11:14:31 [notice] 35#35: exit
2023/08/23 11:14:31 [notice] 47#47: gracefully shutting down
2023/08/23 11:14:31 [notice] 48#48: gracefully shutting down
2023/08/23 11:14:31 [notice] 36#36: exiting
2023/08/23 11:14:31 [notice] 37#37: exiting
2023/08/23 11:14:31 [notice] 41#41: exiting
2023/08/23 11:14:31 [notice] 43#43: exiting
2023/08/23 11:14:31 [notice] 38#38: exit
2023/08/23 11:14:31 [notice] 36#36: exit
2023/08/23 11:14:31 [notice] 45#45: exiting
2023/08/23 11:14:31 [notice] 37#37: exit
2023/08/23 11:14:31 [notice] 48#48: exiting
2023/08/23 11:14:31 [notice] 41#41: exit
2023/08/23 11:14:31 [notice] 47#47: exiting
2023/08/23 11:14:31 [notice] 43#43: exit
2023/08/23 11:14:31 [notice] 45#45: exit
2023/08/23 11:14:31 [notice] 47#47: exit
2023/08/23 11:14:31 [notice] 48#48: exit
2023/08/23 11:14:31 [notice] 42#42: gracefully shutting down
2023/08/23 11:14:31 [notice] 42#42: exiting
2023/08/23 11:14:31 [notice] 42#42: exit
2023/08/23 11:14:31 [notice] 39#39: gracefully shutting down
2023/08/23 11:14:31 [notice] 39#39: exiting
2023/08/23 11:14:31 [notice] 39#39: exit
2023/08/23 11:14:31 [notice] 40#40: gracefully shutting down
2023/08/23 11:14:31 [notice] 40#40: exiting
2023/08/23 11:14:31 [notice] 40#40: exit
2023/08/23 11:14:31 [notice] 46#46: gracefully shutting down
2023/08/23 11:14:31 [notice] 46#46: exiting
2023/08/23 11:14:31 [notice] 46#46: exit
2023/08/23 11:14:31 [notice] 49#49: gracefully shutting down
2023/08/23 11:14:31 [notice] 44#44: gracefully shutting down
2023/08/23 11:14:31 [notice] 49#49: exiting
2023/08/23 11:14:31 [notice] 49#49: exit
2023/08/23 11:14:31 [notice] 44#44: exiting
2023/08/23 11:14:31 [notice] 44#44: exit
2023/08/23 11:14:31 [notice] 53#53: gracefully shutting down
2023/08/23 11:14:31 [notice] 51#51: gracefully shutting down
2023/08/23 11:14:31 [notice] 53#53: exiting
2023/08/23 11:14:31 [notice] 51#51: exiting
2023/08/23 11:14:31 [notice] 51#51: exit
2023/08/23 11:14:31 [notice] 53#53: exit
2023/08/23 11:14:31 [notice] 52#52: gracefully shutting down
2023/08/23 11:14:31 [notice] 52#52: exiting
2023/08/23 11:14:31 [notice] 52#52: exit
2023/08/23 11:14:31 [notice] 50#50: gracefully shutting down
2023/08/23 11:14:31 [notice] 50#50: exiting
2023/08/23 11:14:31 [notice] 50#50: exit
2023/08/23 11:14:31 [notice] 54#54: gracefully shutting down
2023/08/23 11:14:31 [notice] 56#56: gracefully shutting down
2023/08/23 11:14:31 [notice] 54#54: exiting
2023/08/23 11:14:31 [notice] 54#54: exit
2023/08/23 11:14:31 [notice] 56#56: exiting
2023/08/23 11:14:31 [notice] 56#56: exit
2023/08/23 11:14:31 [notice] 55#55: gracefully shutting down
2023/08/23 11:14:31 [notice] 55#55: exiting
2023/08/23 11:14:31 [notice] 55#55: exit
2023/08/23 11:14:31 [notice] 57#57: gracefully shutting down
2023/08/23 11:14:31 [notice] 57#57: exiting
2023/08/23 11:14:31 [notice] 57#57: exit
2023/08/23 11:14:31 [notice] 1#1: signal 17 (SIGCHLD) received from 37
2023/08/23 11:14:31 [notice] 1#1: worker process 22 exited with code 0
2023/08/23 11:14:31 [notice] 1#1: worker process 25 exited with code 0
2023/08/23 11:14:31 [notice] 1#1: worker process 27 exited with code 0
2023/08/23 11:14:31 [notice] 1#1: worker process 29 exited with code 0
2023/08/23 11:14:31 [notice] 1#1: worker process 28 exited with code 0
2023/08/23 11:14:31 [notice] 1#1: worker process 31 exited with code 0
2023/08/23 11:14:31 [notice] 1#1: worker process 32 exited with code 0
2023/08/23 11:14:31 [notice] 1#1: worker process 33 exited with code 0
2023/08/23 11:14:31 [notice] 1#1: worker process 26 exited with code 0
2023/08/23 11:14:31 [notice] 1#1: worker process 34 exited with code 0
2023/08/23 11:14:31 [notice] 1#1: worker process 37 exited with code 0
2023/08/23 11:14:31 [notice] 1#1: worker process 38 exited with code 0
2023/08/23 11:14:31 [notice] 1#1: worker process 39 exited with code 0
2023/08/23 11:14:31 [notice] 1#1: worker process 40 exited with code 0
2023/08/23 11:14:31 [notice] 1#1: worker process 41 exited with code 0
2023/08/23 11:14:31 [notice] 1#1: worker process 48 exited with code 0
2023/08/23 11:14:31 [notice] 1#1: signal 29 (SIGIO) received
2023/08/23 11:14:31 [notice] 1#1: signal 17 (SIGCHLD) received from 28
2023/08/23 11:14:31 [notice] 1#1: signal 17 (SIGCHLD) received from 24
2023/08/23 11:14:31 [notice] 1#1: worker process 24 exited with code 0
2023/08/23 11:14:31 [notice] 1#1: signal 29 (SIGIO) received
2023/08/23 11:14:31 [notice] 1#1: signal 17 (SIGCHLD) received from 30
2023/08/23 11:14:31 [notice] 1#1: worker process 30 exited with code 0
2023/08/23 11:14:31 [notice] 1#1: worker process 35 exited with code 0
2023/08/23 11:14:31 [notice] 1#1: worker process 43 exited with code 0
2023/08/23 11:14:31 [notice] 1#1: worker process 23 exited with code 0
2023/08/23 11:14:31 [notice] 1#1: worker process 36 exited with code 0
2023/08/23 11:14:31 [notice] 1#1: worker process 46 exited with code 0
2023/08/23 11:14:31 [notice] 1#1: worker process 44 exited with code 0
2023/08/23 11:14:31 [notice] 1#1: worker process 47 exited with code 0
2023/08/23 11:14:31 [notice] 1#1: worker process 42 exited with code 0
2023/08/23 11:14:31 [notice] 1#1: worker process 49 exited with code 0
2023/08/23 11:14:31 [notice] 1#1: worker process 51 exited with code 0
2023/08/23 11:14:31 [notice] 1#1: worker process 52 exited with code 0
2023/08/23 11:14:31 [notice] 1#1: worker process 53 exited with code 0
2023/08/23 11:14:31 [notice] 1#1: worker process 55 exited with code 0
2023/08/23 11:14:31 [notice] 1#1: signal 29 (SIGIO) received
2023/08/23 11:14:31 [notice] 1#1: signal 17 (SIGCHLD) received from 35
2023/08/23 11:14:31 [notice] 1#1: signal 17 (SIGCHLD) received from 45
2023/08/23 11:14:31 [notice] 1#1: worker process 45 exited with code 0
2023/08/23 11:14:31 [notice] 1#1: signal 29 (SIGIO) received
2023/08/23 11:14:31 [notice] 1#1: signal 17 (SIGCHLD) received from 57
2023/08/23 11:14:31 [notice] 1#1: worker process 57 exited with code 0
2023/08/23 11:14:31 [notice] 1#1: signal 29 (SIGIO) received
2023/08/23 11:14:31 [notice] 1#1: signal 17 (SIGCHLD) received from 54
2023/08/23 11:14:31 [notice] 1#1: worker process 54 exited with code 0
2023/08/23 11:14:31 [notice] 1#1: worker process 56 exited with code 0
2023/08/23 11:14:31 [notice] 1#1: signal 17 (SIGCHLD) received from 56
2023/08/23 11:14:31 [notice] 1#1: worker process 50 exited with code 0
2023/08/23 11:14:31 [notice] 1#1: exit
2023/08/23 11:16:04 [notice] 1#1: using the "epoll" event method
2023/08/23 11:16:04 [notice] 1#1: nginx/1.21.6
2023/08/23 11:16:04 [notice] 1#1: built by gcc 10.2.1 20210110 (Debian 10.2.1-6) 
2023/08/23 11:16:04 [notice] 1#1: OS: Linux 5.15.0-79-generic
2023/08/23 11:16:04 [notice] 1#1: getrlimit(RLIMIT_NOFILE): 1048576:1048576
2023/08/23 11:16:04 [notice] 1#1: start worker processes
2023/08/23 11:16:04 [notice] 1#1: start worker process 22
2023/08/23 11:16:04 [notice] 1#1: start worker process 23
2023/08/23 11:16:04 [notice] 1#1: start worker process 24
2023/08/23 11:16:04 [notice] 1#1: start worker process 25
2023/08/23 11:16:04 [notice] 1#1: start worker process 26
2023/08/23 11:16:04 [notice] 1#1: start worker process 27
2023/08/23 11:16:04 [notice] 1#1: start worker process 28
2023/08/23 11:16:04 [notice] 1#1: start worker process 29
2023/08/23 11:16:04 [notice] 1#1: start worker process 30
2023/08/23 11:16:04 [notice] 1#1: start worker process 31
2023/08/23 11:16:04 [notice] 1#1: start worker process 32
2023/08/23 11:16:04 [notice] 1#1: start worker process 33
2023/08/23 11:16:04 [notice] 1#1: start worker process 34
2023/08/23 11:16:04 [notice] 1#1: start worker process 35
2023/08/23 11:16:04 [notice] 1#1: start worker process 36
2023/08/23 11:16:04 [notice] 1#1: start worker process 37
2023/08/23 11:16:04 [notice] 1#1: start worker process 38
2023/08/23 11:16:04 [notice] 1#1: start worker process 39
2023/08/23 11:16:04 [notice] 1#1: start worker process 40
2023/08/23 11:16:04 [notice] 1#1: start worker process 41
2023/08/23 11:16:04 [notice] 1#1: start worker process 42
2023/08/23 11:16:04 [notice] 1#1: start worker process 43
2023/08/23 11:16:04 [notice] 1#1: start worker process 44
2023/08/23 11:16:04 [notice] 1#1: start worker process 45
2023/08/23 11:16:04 [notice] 1#1: start worker process 46
2023/08/23 11:16:04 [notice] 1#1: start worker process 47
2023/08/23 11:16:04 [notice] 1#1: start worker process 48
2023/08/23 11:16:04 [notice] 1#1: start worker process 49
2023/08/23 11:16:04 [notice] 1#1: start worker process 50
2023/08/23 11:16:04 [notice] 1#1: start worker process 51
2023/08/23 11:16:04 [notice] 1#1: start worker process 52
2023/08/23 11:16:04 [notice] 1#1: start worker process 53
2023/08/23 11:16:04 [notice] 1#1: start worker process 54
2023/08/23 11:16:04 [notice] 1#1: start worker process 55
2023/08/23 11:16:04 [notice] 1#1: start worker process 56
2023/08/23 11:16:04 [notice] 1#1: start worker process 57
2023/09/05 02:50:49 [error] 22#22: *1 connect() failed (111: Connection refused) while connecting to upstream, client: 192.168.0.109, server: kb109.dynv6.com, request: "POST /api/scheduler/node_online HTTP/1.1", upstream: "http://192.168.0.109:81/api/scheduler/node_online", host: "192.168.0.109"
2023/09/05 02:50:50 [error] 23#23: *3 connect() failed (111: Connection refused) while connecting to upstream, client: 192.168.0.1, server: kb109.dynv6.com, request: "GET /api/scheduler/wsconnect?type=provider&uuid=ed5d96dc-e450-49fe-9f01-a1bcadbda0fd HTTP/1.1", upstream: "http://192.168.0.109:81/api/scheduler/wsconnect?type=provider&uuid=ed5d96dc-e450-49fe-9f01-a1bcadbda0fd", host: "kb109.dynv6.net:52109"
2023/09/05 03:05:07 [error] 25#25: *5 connect() failed (111: Connection refused) while connecting to upstream, client: 192.168.0.109, server: kb109.dynv6.com, request: "POST /api/scheduler/node_online HTTP/1.1", upstream: "http://192.168.0.109:81/api/scheduler/node_online", host: "192.168.0.109"
2023/09/05 03:05:07 [error] 24#24: *6 connect() failed (111: Connection refused) while connecting to upstream, client: 192.168.0.109, server: kb109.dynv6.com, request: "GET /api/scheduler/wsconnect?type=provider&uuid=ed5d96dc-e450-49fe-9f01-a1bcadbda0fd HTTP/1.1", upstream: "http://192.168.0.109:81/api/scheduler/wsconnect?type=provider&uuid=ed5d96dc-e450-49fe-9f01-a1bcadbda0fd", host: "192.168.0.109:80"
